<?xml version="1.0" encoding="UTF-8"?>
<!-- Generated by org.testng.reporters.JUnitXMLReporter -->
<testsuite ignored="0" hostname="DESKTOP-9P6VKE2" failures="0" tests="0" time="0.022" errors="0" timestamp="2021-08-24T21:56:00 IST">
</testsuite>
